<?xml version="1.0" encoding="UTF-8"?>
<testsuite xmlns:xsi="http://www.w3.org/2001/XMLSchema-instance" xsi:noNamespaceSchemaLocation="https://maven.apache.org/surefire/maven-surefire-plugin/xsd/surefire-test-report-3.0.xsd" version="3.0" name="scheduling.TestTiredThread" time="0.269" tests="7" errors="0" skipped="0" failures="0">
  <properties>
[...]
</properties>
  <testcase name="compareTo" classname="scheduling.TestTiredThread" time="0.043">
    <system-out><![CDATA[test comareTo
]]></system-out>
  </testcase>
  <testcase name="isBusy" classname="scheduling.TestTiredThread" time="0.011">
    <system-out><![CDATA[test isBusy
]]></system-out>
  </testcase>
  <testcase name="shutdown" classname="scheduling.TestTiredThread" time="0.017">
    <system-out><![CDATA[test shutdown
started t1
task submitted to t1
shutting down t1
t1 joined
]]></system-out>
  </testcase>
  <testcase name="getFatigue" classname="scheduling.TestTiredThread" time="0.005">
    <system-out><![CDATA[test getFatigue
]]></system-out>
  </testcase>
  <testcase name="getTimeUsed" classname="scheduling.TestTiredThread" time="0.137">
    <system-out><![CDATA[test getTimeUsed
Time used by t1: 19758
]]></system-out>
  </testcase>
  <testcase name="newTask" classname="scheduling.TestTiredThread" time="0.009">
    <system-out><![CDATA[test newTask
]]></system-out>
  </testcase>
  <testcase name="getWorkerId" classname="scheduling.TestTiredThread" time="0.014">
    <system-out><![CDATA[test getWorkerId
]]></system-out>
  </testcase>
</testsuite>