<?xml version="1.0" encoding="UTF-8"?>
<testsuite xmlns:xsi="http://www.w3.org/2001/XMLSchema-instance" xsi:noNamespaceSchemaLocation="https://maven.apache.org/surefire/maven-surefire-plugin/xsd/surefire-test-report-3.0.xsd" version="3.0" name="spl.lae.LinearAlgebraEngineTest" time="0.123" tests="24" errors="0" skipped="0" failures="0">
  <properties>
[...]
</properties>
  <testcase name="loadAndCompute_add_mismatchedDimensions_throws" classname="spl.lae.LinearAlgebraEngineTest" time="0.01">
    <system-out><![CDATA[Build excuter!
In lae run
Found resolvable
in while resolvable
in while in the run
resovable= parser.ComputationNode@5542c4ed
in load and compute
size= 2
]]></system-out>
  </testcase>
  <testcase name="createAddTasks_emptyMatrix_createsNoTasks" classname="spl.lae.LinearAlgebraEngineTest" time="0.002">
    <system-out><![CDATA[Build excuter!
]]></system-out>
  </testcase>
  <testcase name="run_threeOperandAddition" classname="spl.lae.LinearAlgebraEngineTest" time="0.007">
    <system-out><![CDATA[Build excuter!
In lae run
Found resolvable
in while resolvable
in while in the run
resovable= parser.ComputationNode@1573f9fc
in load and compute
size= 2
sunbitting tasks
in submmitAll
in sumbit
in sumbit
running
worker back to heap
running
worker back to heap
going to compute
in while resolvable
in while in the run
resovable= parser.ComputationNode@2f4948e4
in load and compute
size= 2
sunbitting tasks
in submmitAll
in sumbit
in sumbit
running
running
worker back to heap
worker back to heap
going to compute
]]></system-out>
  </testcase>
  <testcase name="run_transposeTwoOperands_edge" classname="spl.lae.LinearAlgebraEngineTest" time="0.009">
    <system-out><![CDATA[Build excuter!
In lae run
Found resolvable
in while resolvable
in while in the run
resovable= parser.ComputationNode@3fc2959f
in load and compute
size= 2
]]></system-out>
  </testcase>
  <testcase name="createTransposeTasks_flipsOrientationToColumnMajor" classname="spl.lae.LinearAlgebraEngineTest" time="0.002">
    <system-out><![CDATA[Build excuter!
]]></system-out>
  </testcase>
  <testcase name="loadAndCompute_transpose_orientationAndValues" classname="spl.lae.LinearAlgebraEngineTest" time="0.003">
    <system-out><![CDATA[Build excuter!
In lae run
Found resolvable
in while resolvable
in while in the run
resovable= parser.ComputationNode@3eb25e1a
in load and compute
size= 1
size==1
sunbitting tasks
in submmitAll
in sumbit
in sumbit
running
running
worker back to heap
worker back to heap
going to compute
]]></system-out>
  </testcase>
  <testcase name="createMultiplyTasks_singleRowMatrix" classname="spl.lae.LinearAlgebraEngineTest" time="0.003">
    <system-out><![CDATA[Build excuter!
]]></system-out>
  </testcase>
  <testcase name="createAddTasks_singleRowMatrix" classname="spl.lae.LinearAlgebraEngineTest" time="0.003">
    <system-out><![CDATA[Build excuter!
]]></system-out>
  </testcase>
  <testcase name="loadAndCompute_multiply_normalCase" classname="spl.lae.LinearAlgebraEngineTest" time="0.003">
    <system-out><![CDATA[Build excuter!
In lae run
Found resolvable
in while resolvable
in while in the run
resovable= parser.ComputationNode@f5958c9
in load and compute
size= 2
sunbitting tasks
in submmitAll
in sumbit
in sumbit
running
running
worker back to heap
worker back to heap
going to compute
]]></system-out>
  </testcase>
  <testcase name="createNegateTasks_2x2Matrix" classname="spl.lae.LinearAlgebraEngineTest" time="0.002">
    <system-out><![CDATA[Build excuter!
create negate tasks
]]></system-out>
  </testcase>
  <testcase name="createNegateTasks_zeroValuesRemainZero" classname="spl.lae.LinearAlgebraEngineTest" time="0.002">
    <system-out><![CDATA[Build excuter!
create negate tasks
]]></system-out>
  </testcase>
  <testcase name="loadAndCompute_multiply_invalidDimensions_throws" classname="spl.lae.LinearAlgebraEngineTest" time="0.002">
    <system-out><![CDATA[Build excuter!
In lae run
Found resolvable
in while resolvable
in while in the run
resovable= parser.ComputationNode@185a6e9
in load and compute
size= 2
]]></system-out>
  </testcase>
  <testcase name="loadAndCompute_add_normalCase" classname="spl.lae.LinearAlgebraEngineTest" time="0.003">
    <system-out><![CDATA[Build excuter!
In lae run
Found resolvable
in while resolvable
in while in the run
resovable= parser.ComputationNode@6f03482
in load and compute
size= 2
sunbitting tasks
in submmitAll
in sumbit
in sumbit
running
running
worker back to heap
worker back to heap
going to compute
]]></system-out>
  </testcase>
  <testcase name="createNegateTasks_doubleNegateReturnsOriginal" classname="spl.lae.LinearAlgebraEngineTest" time="0.003">
    <system-out><![CDATA[Build excuter!
create negate tasks
create negate tasks
]]></system-out>
  </testcase>
  <testcase name="loadAndCompute_negate_normalCase" classname="spl.lae.LinearAlgebraEngineTest" time="0.003">
    <system-out><![CDATA[Build excuter!
In lae run
Found resolvable
in while resolvable
in while in the run
resovable= parser.ComputationNode@3b0090a4
in load and compute
size= 1
size==1
size= 1
create negate tasks
sunbitting tasks
in submmitAll
in sumbit
running
worker back to heap
going to compute
]]></system-out>
  </testcase>
  <testcase name="createAddTasks_singleColumnMatrix" classname="spl.lae.LinearAlgebraEngineTest" time="0.002">
    <system-out><![CDATA[Build excuter!
]]></system-out>
  </testcase>
  <testcase name="createMultiplyTasks_singleColumnTimesRow" classname="spl.lae.LinearAlgebraEngineTest" time="0.002">
    <system-out><![CDATA[Build excuter!
]]></system-out>
  </testcase>
  <testcase name="run_addOneOperand_edge" classname="spl.lae.LinearAlgebraEngineTest" time="0.003">
    <system-out><![CDATA[Build excuter!
In lae run
Found resolvable
in while resolvable
in while in the run
resovable= parser.ComputationNode@4116aac9
in load and compute
size= 1
size==1
]]></system-out>
  </testcase>
  <testcase name="createNegateTasks_emptyMatrix_createsNoTasks" classname="spl.lae.LinearAlgebraEngineTest" time="0.001">
    <system-out><![CDATA[Build excuter!
create negate tasks
]]></system-out>
  </testcase>
  <testcase name="createAddTasks_largeMatrix" classname="spl.lae.LinearAlgebraEngineTest" time="0.007">
    <system-out><![CDATA[Build excuter!
]]></system-out>
  </testcase>
  <testcase name="createMultiplyTasks_largeMatrix" classname="spl.lae.LinearAlgebraEngineTest" time="0.017">
    <system-out><![CDATA[Build excuter!
]]></system-out>
  </testcase>
  <testcase name="createAddTasks_2x2Matrix_addsCorrectly" classname="spl.lae.LinearAlgebraEngineTest" time="0.002">
    <system-out><![CDATA[Build excuter!
]]></system-out>
  </testcase>
  <testcase name="createMultiplyTasks_2x2Matrices" classname="spl.lae.LinearAlgebraEngineTest" time="0.004">
    <system-out><![CDATA[Build excuter!
]]></system-out>
  </testcase>
  <testcase name="createTransposeTasks_doubleTransposeRestoresRowMajor" classname="spl.lae.LinearAlgebraEngineTest" time="0.003">
    <system-out><![CDATA[Build excuter!
]]></system-out>
  </testcase>
</testsuite>